0 info it worked if it ends with ok
1 verbose cli [ '/usr/local/Cellar/node/11.0.0/bin/node',
1 verbose cli   '/usr/local/bin/npm',
1 verbose cli   'run',
1 verbose cli   'serve' ]
2 info using npm@3.10.10
3 info using node@v11.0.0
4 verbose run-script [ 'preserve', 'serve', 'postserve' ]
5 info lifecycle movie-app@0.1.0~preserve: movie-app@0.1.0
6 silly lifecycle movie-app@0.1.0~preserve: no script for preserve, continuing
7 info lifecycle movie-app@0.1.0~serve: movie-app@0.1.0
8 verbose lifecycle movie-app@0.1.0~serve: unsafe-perm in lifecycle true
9 verbose lifecycle movie-app@0.1.0~serve: PATH: /usr/local/lib/node_modules/npm/bin/node-gyp-bin:/Users/callen/Desktop/code-sites/movie-db/vue-movie-app/node_modules/.bin:/usr/local/Cellar/node/11.0.0/bin:/Users/callen/.rvm/gems/ruby-2.5.1/bin:/Users/callen/.rvm/gems/ruby-2.5.1@global/bin:/Users/callen/.rvm/rubies/ruby-2.5.1/bin:/Library/Frameworks/Python.framework/Versions/3.7/bin:/usr/local/bin:/usr/bin:/bin:/usr/sbin:/sbin:/Applications/VMware Fusion.app/Contents/Public:/usr/local/share/dotnet:/Users/callen/.rvm/gems/ruby-2.5.1/bin:/Users/callen/.rvm/gems/ruby-2.5.1@global/bin:/Users/callen/.rvm/rubies/ruby-2.5.1/bin:/Library/Frameworks/Python.framework/Versions/3.7/bin:/Users/callen/.rvm/bin
10 verbose lifecycle movie-app@0.1.0~serve: CWD: /Users/callen/Desktop/code-sites/movie-db/vue-movie-app
11 silly lifecycle movie-app@0.1.0~serve: Args: [ '-c', 'vue-cli-service serve' ]
12 info lifecycle movie-app@0.1.0~serve: Failed to exec serve script
13 verbose stack Error: movie-app@0.1.0 serve: `vue-cli-service serve`
13 verbose stack spawn ENOENT
13 verbose stack     at ChildProcess.<anonymous> (/usr/local/lib/node_modules/npm/lib/utils/spawn.js:33:16)
13 verbose stack     at ChildProcess.emit (events.js:182:13)
13 verbose stack     at maybeClose (internal/child_process.js:962:16)
13 verbose stack     at Process.ChildProcess._handle.onexit (internal/child_process.js:251:5)
14 verbose pkgid movie-app@0.1.0
15 verbose cwd /Users/callen/Desktop/code-sites/movie-db/vue-movie-app
16 error Darwin 17.3.0
17 error argv "/usr/local/Cellar/node/11.0.0/bin/node" "/usr/local/bin/npm" "run" "serve"
18 error node v11.0.0
19 error npm  v3.10.10
20 error file sh
21 error code ELIFECYCLE
22 error errno ENOENT
23 error syscall spawn
24 error movie-app@0.1.0 serve: `vue-cli-service serve`
24 error spawn ENOENT
25 error Failed at the movie-app@0.1.0 serve script 'vue-cli-service serve'.
25 error Make sure you have the latest version of node.js and npm installed.
25 error If you do, this is most likely a problem with the movie-app package,
25 error not with npm itself.
25 error Tell the author that this fails on your system:
25 error     vue-cli-service serve
25 error You can get information on how to open an issue for this project with:
25 error     npm bugs movie-app
25 error Or if that isn't available, you can get their info via:
25 error     npm owner ls movie-app
25 error There is likely additional logging output above.
26 verbose exit [ 1, true ]
